<?xml version="1.0" encoding="UTF-8"?>
<testsuite xmlns:xsi="http://www.w3.org/2001/XMLSchema-instance" xsi:noNamespaceSchemaLocation="https://maven.apache.org/surefire/maven-surefire-plugin/xsd/surefire-test-report-3.0.xsd" version="3.0" name="com.maxstreifeneder.hotreload.it.CatalogServiceITest" time="6.56" tests="1" errors="0" skipped="0" failures="0">
  <properties>
    <property name="awt.toolkit" value="sun.lwawt.macosx.LWCToolkit"/>
    <property name="java.specification.version" value="12"/>
    <property name="sun.jnu.encoding" value="UTF-8"/>
    <property name="java.class.path" value="/private/tmp/hotreload/integration-tests/target/test-classes:/private/tmp/hotreload/integration-tests/target/classes:/private/tmp/hotreload/srv/target/hotreload.jar:/Users/d063937/.m2/repository/com/sap/cds/cds-starter-spring-boot-odata/1.7.0/cds-starter-spring-boot-odata-1.7.0.jar:/Users/d063937/.m2/repository/com/sap/cds/cds-services-api/1.7.0/cds-services-api-1.7.0.jar:/Users/d063937/.m2/repository/com/sap/cds/cds4j-api/1.11.0/cds4j-api-1.11.0.jar:/Users/d063937/.m2/repository/com/sap/cds/cds-services-impl/1.7.0/cds-services-impl-1.7.0.jar:/Users/d063937/.m2/repository/com/sap/cds/cds-feature-api/1.7.0/cds-feature-api-1.7.0.jar:/Users/d063937/.m2/repository/com/sap/cds/cds-services-utils/1.7.0/cds-services-utils-1.7.0.jar:/Users/d063937/.m2/repository/com/sap/cds/cds4j-runtime/1.11.0/cds4j-runtime-1.11.0.jar:/Users/d063937/.m2/repository/com/google/guava/guava/27.1-jre/guava-27.1-jre.jar:/Users/d063937/.m2/repository/com/google/guava/failureaccess/1.0.1/failureaccess-1.0.1.jar:/Users/d063937/.m2/repository/com/google/guava/listenablefuture/9999.0-empty-to-avoid-conflict-with-guava/listenablefuture-9999.0-empty-to-avoid-conflict-with-guava.jar:/Users/d063937/.m2/repository/com/google/code/findbugs/jsr305/3.0.2/jsr305-3.0.2.jar:/Users/d063937/.m2/repository/org/checkerframework/checker-qual/2.5.2/checker-qual-2.5.2.jar:/Users/d063937/.m2/repository/com/google/errorprone/error_prone_annotations/2.2.0/error_prone_annotations-2.2.0.jar:/Users/d063937/.m2/repository/com/google/j2objc/j2objc-annotations/1.1/j2objc-annotations-1.1.jar:/Users/d063937/.m2/repository/org/codehaus/mojo/animal-sniffer-annotations/1.17/animal-sniffer-annotations-1.17.jar:/Users/d063937/.m2/repository/com/sap/cds/cds4j-core/1.11.0/cds4j-core-1.11.0.jar:/Users/d063937/.m2/repository/com/sap/cds/cds4j-tx/1.11.0/cds4j-tx-1.11.0.jar:/Users/d063937/.m2/repository/com/sap/cds/cds-framework-spring-boot/1.7.0/cds-framework-spring-boot-1.7.0.jar:/Users/d063937/.m2/repository/com/sap/cds/cds-adapter-api/1.7.0/cds-adapter-api-1.7.0.jar:/Users/d063937/.m2/repository/org/springframework/spring-context/5.2.7.RELEASE/spring-context-5.2.7.RELEASE.jar:/Users/d063937/.m2/repository/org/springframework/spring-aop/5.2.7.RELEASE/spring-aop-5.2.7.RELEASE.jar:/Users/d063937/.m2/repository/org/springframework/spring-expression/5.2.7.RELEASE/spring-expression-5.2.7.RELEASE.jar:/Users/d063937/.m2/repository/org/springframework/spring-beans/5.2.7.RELEASE/spring-beans-5.2.7.RELEASE.jar:/Users/d063937/.m2/repository/org/springframework/spring-tx/5.2.7.RELEASE/spring-tx-5.2.7.RELEASE.jar:/Users/d063937/.m2/repository/org/springframework/spring-jdbc/5.2.7.RELEASE/spring-jdbc-5.2.7.RELEASE.jar:/Users/d063937/.m2/repository/org/springframework/spring-web/5.2.7.RELEASE/spring-web-5.2.7.RELEASE.jar:/Users/d063937/.m2/repository/org/springframework/spring-webmvc/5.2.7.RELEASE/spring-webmvc-5.2.7.RELEASE.jar:/Users/d063937/.m2/repository/com/sap/cds/cds-adapter-odata-v4/1.7.0/cds-adapter-odata-v4-1.7.0.jar:/Users/d063937/.m2/repository/com/sap/cds/cds4j-multitenant/1.11.0/cds4j-multitenant-1.11.0.jar:/Users/d063937/.m2/repository/com/sap/cloud/security/xsuaa/token-client/2.1.0/token-client-2.1.0.jar:/Users/d063937/.m2/repository/org/json/json/20190722/json-20190722.jar:/Users/d063937/.m2/repository/commons-io/commons-io/2.6/commons-io-2.6.jar:/Users/d063937/.m2/repository/com/sap/cds/repackaged/odata-v4-lib/1.7.0/odata-v4-lib-1.7.0.jar:/Users/d063937/.m2/repository/commons-codec/commons-codec/1.14/commons-codec-1.14.jar:/Users/d063937/.m2/repository/io/netty/netty-codec/4.1.50.Final/netty-codec-4.1.50.Final.jar:/Users/d063937/.m2/repository/io/netty/netty-common/4.1.50.Final/netty-common-4.1.50.Final.jar:/Users/d063937/.m2/repository/io/netty/netty-buffer/4.1.50.Final/netty-buffer-4.1.50.Final.jar:/Users/d063937/.m2/repository/io/netty/netty-transport/4.1.50.Final/netty-transport-4.1.50.Final.jar:/Users/d063937/.m2/repository/io/netty/netty-resolver/4.1.50.Final/netty-resolver-4.1.50.Final.jar:/Users/d063937/.m2/repository/org/apache/httpcomponents/httpclient/4.5.12/httpclient-4.5.12.jar:/Users/d063937/.m2/repository/org/apache/httpcomponents/httpcore/4.4.13/httpcore-4.4.13.jar:/Users/d063937/.m2/repository/com/fasterxml/jackson/dataformat/jackson-dataformat-xml/2.11.0/jackson-dataformat-xml-2.11.0.jar:/Users/d063937/.m2/repository/com/fasterxml/jackson/module/jackson-module-jaxb-annotations/2.11.0/jackson-module-jaxb-annotations-2.11.0.jar:/Users/d063937/.m2/repository/org/codehaus/woodstox/stax2-api/4.2/stax2-api-4.2.jar:/Users/d063937/.m2/repository/com/fasterxml/woodstox/woodstox-core/6.2.0/woodstox-core-6.2.0.jar:/Users/d063937/.m2/repository/com/fasterxml/aalto-xml/1.2.1/aalto-xml-1.2.1.jar:/Users/d063937/.m2/repository/org/apache/commons/commons-lang3/3.10/commons-lang3-3.10.jar:/Users/d063937/.m2/repository/org/springframework/boot/spring-boot-starter-web/2.3.1.RELEASE/spring-boot-starter-web-2.3.1.RELEASE.jar:/Users/d063937/.m2/repository/org/springframework/boot/spring-boot-starter-json/2.3.1.RELEASE/spring-boot-starter-json-2.3.1.RELEASE.jar:/Users/d063937/.m2/repository/com/fasterxml/jackson/datatype/jackson-datatype-jdk8/2.11.0/jackson-datatype-jdk8-2.11.0.jar:/Users/d063937/.m2/repository/com/fasterxml/jackson/datatype/jackson-datatype-jsr310/2.11.0/jackson-datatype-jsr310-2.11.0.jar:/Users/d063937/.m2/repository/com/fasterxml/jackson/module/jackson-module-parameter-names/2.11.0/jackson-module-parameter-names-2.11.0.jar:/Users/d063937/.m2/repository/org/springframework/boot/spring-boot-starter-tomcat/2.3.1.RELEASE/spring-boot-starter-tomcat-2.3.1.RELEASE.jar:/Users/d063937/.m2/repository/org/apache/tomcat/embed/tomcat-embed-core/9.0.36/tomcat-embed-core-9.0.36.jar:/Users/d063937/.m2/repository/org/glassfish/jakarta.el/3.0.3/jakarta.el-3.0.3.jar:/Users/d063937/.m2/repository/org/apache/tomcat/embed/tomcat-embed-websocket/9.0.36/tomcat-embed-websocket-9.0.36.jar:/Users/d063937/.m2/repository/org/springframework/boot/spring-boot-starter-jdbc/2.3.1.RELEASE/spring-boot-starter-jdbc-2.3.1.RELEASE.jar:/Users/d063937/.m2/repository/com/zaxxer/HikariCP/3.4.5/HikariCP-3.4.5.jar:/Users/d063937/.m2/repository/org/xerial/sqlite-jdbc/3.31.1/sqlite-jdbc-3.31.1.jar:/Users/d063937/.m2/repository/com/sap/cds/cds-starter-cloudfoundry/1.7.0/cds-starter-cloudfoundry-1.7.0.jar:/Users/d063937/.m2/repository/com/sap/cds/cds-feature-hana/1.7.0/cds-feature-hana-1.7.0.jar:/Users/d063937/.m2/repository/com/sap/cloud/db/jdbc/ngdbc/2.4.76/ngdbc-2.4.76.jar:/Users/d063937/.m2/repository/com/sap/cds/cds-feature-mt/1.7.0/cds-feature-mt-1.7.0.jar:/Users/d063937/.m2/repository/com/fasterxml/jackson/core/jackson-databind/2.11.0/jackson-databind-2.11.0.jar:/Users/d063937/.m2/repository/com/fasterxml/jackson/core/jackson-annotations/2.11.0/jackson-annotations-2.11.0.jar:/Users/d063937/.m2/repository/com/fasterxml/jackson/core/jackson-core/2.11.0/jackson-core-2.11.0.jar:/Users/d063937/.m2/repository/com/sap/cloud/mt/multi-tenant-runtime/1.4.2/multi-tenant-runtime-1.4.2.jar:/Users/d063937/.m2/repository/com/sap/cloud/mt/multi-tenant-subscription/1.4.2/multi-tenant-subscription-1.4.2.jar:/Users/d063937/.m2/repository/com/sap/cloud/instancemanager/client/1.16.3/client-1.16.3.jar:/Users/d063937/.m2/repository/com/sap/cloud/instancemanager/util/1.16.3/util-1.16.3.jar:/Users/d063937/.m2/repository/com/sap/cloud/instancemanager/client-api/1.16.3/client-api-1.16.3.jar:/Users/d063937/.m2/repository/com/google/code/gson/gson/2.8.6/gson-2.8.6.jar:/Users/d063937/.m2/repository/com/sap/cds/cds-feature-cloudfoundry/1.7.0/cds-feature-cloudfoundry-1.7.0.jar:/Users/d063937/.m2/repository/com/sap/cds/cds-feature-xsuaa/1.7.0/cds-feature-xsuaa-1.7.0.jar:/Users/d063937/.m2/repository/com/sap/cloud/security/xsuaa/xsuaa-spring-boot-starter/2.7.3/xsuaa-spring-boot-starter-2.7.3.jar:/Users/d063937/.m2/repository/com/sap/cloud/security/xsuaa/spring-xsuaa/2.7.3/spring-xsuaa-2.7.3.jar:/Users/d063937/.m2/repository/com/sap/cloud/security/xsuaa/api/2.7.3/api-2.7.3.jar:/Users/d063937/.m2/repository/com/github/ben-manes/caffeine/caffeine/2.8.4/caffeine-2.8.4.jar:/Users/d063937/.m2/repository/org/springframework/boot/spring-boot-starter-security/2.3.1.RELEASE/spring-boot-starter-security-2.3.1.RELEASE.jar:/Users/d063937/.m2/repository/org/springframework/security/spring-security-config/5.3.3.RELEASE/spring-security-config-5.3.3.RELEASE.jar:/Users/d063937/.m2/repository/org/springframework/security/spring-security-web/5.3.3.RELEASE/spring-security-web-5.3.3.RELEASE.jar:/Users/d063937/.m2/repository/org/springframework/security/spring-security-oauth2-jose/5.3.3.RELEASE/spring-security-oauth2-jose-5.3.3.RELEASE.jar:/Users/d063937/.m2/repository/com/nimbusds/nimbus-jose-jwt/8.18.1/nimbus-jose-jwt-8.18.1.jar:/Users/d063937/.m2/repository/com/github/stephenc/jcip/jcip-annotations/1.0-1/jcip-annotations-1.0-1.jar:/Users/d063937/.m2/repository/org/springframework/security/spring-security-core/5.3.3.RELEASE/spring-security-core-5.3.3.RELEASE.jar:/Users/d063937/.m2/repository/org/springframework/security/spring-security-oauth2-core/5.3.3.RELEASE/spring-security-oauth2-core-5.3.3.RELEASE.jar:/Users/d063937/.m2/repository/org/springframework/security/spring-security-oauth2-resource-server/5.3.3.RELEASE/spring-security-oauth2-resource-server-5.3.3.RELEASE.jar:/Users/d063937/.m2/repository/org/springframework/boot/spring-boot-starter-test/2.3.1.RELEASE/spring-boot-starter-test-2.3.1.RELEASE.jar:/Users/d063937/.m2/repository/org/springframework/boot/spring-boot-starter/2.3.1.RELEASE/spring-boot-starter-2.3.1.RELEASE.jar:/Users/d063937/.m2/repository/org/springframework/boot/spring-boot/2.3.1.RELEASE/spring-boot-2.3.1.RELEASE.jar:/Users/d063937/.m2/repository/org/springframework/boot/spring-boot-autoconfigure/2.3.1.RELEASE/spring-boot-autoconfigure-2.3.1.RELEASE.jar:/Users/d063937/.m2/repository/org/springframework/boot/spring-boot-starter-logging/2.3.1.RELEASE/spring-boot-starter-logging-2.3.1.RELEASE.jar:/Users/d063937/.m2/repository/ch/qos/logback/logback-classic/1.2.3/logback-classic-1.2.3.jar:/Users/d063937/.m2/repository/ch/qos/logback/logback-core/1.2.3/logback-core-1.2.3.jar:/Users/d063937/.m2/repository/org/apache/logging/log4j/log4j-to-slf4j/2.13.3/log4j-to-slf4j-2.13.3.jar:/Users/d063937/.m2/repository/org/apache/logging/log4j/log4j-api/2.13.3/log4j-api-2.13.3.jar:/Users/d063937/.m2/repository/org/slf4j/jul-to-slf4j/1.7.30/jul-to-slf4j-1.7.30.jar:/Users/d063937/.m2/repository/jakarta/annotation/jakarta.annotation-api/1.3.5/jakarta.annotation-api-1.3.5.jar:/Users/d063937/.m2/repository/org/yaml/snakeyaml/1.26/snakeyaml-1.26.jar:/Users/d063937/.m2/repository/org/springframework/boot/spring-boot-test/2.3.1.RELEASE/spring-boot-test-2.3.1.RELEASE.jar:/Users/d063937/.m2/repository/org/springframework/boot/spring-boot-test-autoconfigure/2.3.1.RELEASE/spring-boot-test-autoconfigure-2.3.1.RELEASE.jar:/Users/d063937/.m2/repository/com/jayway/jsonpath/json-path/2.4.0/json-path-2.4.0.jar:/Users/d063937/.m2/repository/net/minidev/json-smart/2.3/json-smart-2.3.jar:/Users/d063937/.m2/repository/net/minidev/accessors-smart/1.2/accessors-smart-1.2.jar:/Users/d063937/.m2/repository/org/ow2/asm/asm/5.0.4/asm-5.0.4.jar:/Users/d063937/.m2/repository/org/slf4j/slf4j-api/1.7.30/slf4j-api-1.7.30.jar:/Users/d063937/.m2/repository/jakarta/xml/bind/jakarta.xml.bind-api/2.3.3/jakarta.xml.bind-api-2.3.3.jar:/Users/d063937/.m2/repository/jakarta/activation/jakarta.activation-api/1.2.2/jakarta.activation-api-1.2.2.jar:/Users/d063937/.m2/repository/org/assertj/assertj-core/3.16.1/assertj-core-3.16.1.jar:/Users/d063937/.m2/repository/org/hamcrest/hamcrest/2.2/hamcrest-2.2.jar:/Users/d063937/.m2/repository/org/junit/jupiter/junit-jupiter/5.6.2/junit-jupiter-5.6.2.jar:/Users/d063937/.m2/repository/org/junit/jupiter/junit-jupiter-api/5.6.2/junit-jupiter-api-5.6.2.jar:/Users/d063937/.m2/repository/org/opentest4j/opentest4j/1.2.0/opentest4j-1.2.0.jar:/Users/d063937/.m2/repository/org/junit/platform/junit-platform-commons/1.6.2/junit-platform-commons-1.6.2.jar:/Users/d063937/.m2/repository/org/junit/jupiter/junit-jupiter-params/5.6.2/junit-jupiter-params-5.6.2.jar:/Users/d063937/.m2/repository/org/junit/jupiter/junit-jupiter-engine/5.6.2/junit-jupiter-engine-5.6.2.jar:/Users/d063937/.m2/repository/org/junit/vintage/junit-vintage-engine/5.6.2/junit-vintage-engine-5.6.2.jar:/Users/d063937/.m2/repository/org/apiguardian/apiguardian-api/1.1.0/apiguardian-api-1.1.0.jar:/Users/d063937/.m2/repository/org/junit/platform/junit-platform-engine/1.6.2/junit-platform-engine-1.6.2.jar:/Users/d063937/.m2/repository/junit/junit/4.13/junit-4.13.jar:/Users/d063937/.m2/repository/org/mockito/mockito-core/3.3.3/mockito-core-3.3.3.jar:/Users/d063937/.m2/repository/net/bytebuddy/byte-buddy/1.10.11/byte-buddy-1.10.11.jar:/Users/d063937/.m2/repository/net/bytebuddy/byte-buddy-agent/1.10.11/byte-buddy-agent-1.10.11.jar:/Users/d063937/.m2/repository/org/objenesis/objenesis/2.6/objenesis-2.6.jar:/Users/d063937/.m2/repository/org/mockito/mockito-junit-jupiter/3.3.3/mockito-junit-jupiter-3.3.3.jar:/Users/d063937/.m2/repository/org/skyscreamer/jsonassert/1.5.0/jsonassert-1.5.0.jar:/Users/d063937/.m2/repository/com/vaadin/external/google/android-json/0.0.20131108.vaadin1/android-json-0.0.20131108.vaadin1.jar:/Users/d063937/.m2/repository/org/springframework/spring-core/5.2.7.RELEASE/spring-core-5.2.7.RELEASE.jar:/Users/d063937/.m2/repository/org/springframework/spring-jcl/5.2.7.RELEASE/spring-jcl-5.2.7.RELEASE.jar:/Users/d063937/.m2/repository/org/springframework/spring-test/5.2.7.RELEASE/spring-test-5.2.7.RELEASE.jar:/Users/d063937/.m2/repository/org/xmlunit/xmlunit-core/2.7.0/xmlunit-core-2.7.0.jar:"/>
    <property name="java.vm.vendor" value="Oracle Corporation"/>
    <property name="sun.arch.data.model" value="64"/>
    <property name="java.vendor.url" value="https://java.oracle.com/"/>
    <property name="user.timezone" value="Europe/Berlin"/>
    <property name="os.name" value="Mac OS X"/>
    <property name="java.vm.specification.version" value="12"/>
    <property name="sun.java.launcher" value="SUN_STANDARD"/>
    <property name="user.country" value="GB"/>
    <property name="sun.boot.library.path" value="/Library/Java/JavaVirtualMachines/jdk-12.0.1.jdk/Contents/Home/lib"/>
    <property name="sun.java.command" value="/private/tmp/hotreload/integration-tests/target/surefire/surefirebooter6873862294308578051.jar /private/tmp/hotreload/integration-tests/target/surefire 2020-07-28T15-39-47_818-jvmRun1 surefire10734614854069438159tmp surefire_014540138802644049122tmp"/>
    <property name="http.nonProxyHosts" value="local|*.local|169.254/16|*.169.254/16"/>
    <property name="jdk.debug" value="release"/>
    <property name="surefire.test.class.path" value="/private/tmp/hotreload/integration-tests/target/test-classes:/private/tmp/hotreload/integration-tests/target/classes:/private/tmp/hotreload/srv/target/hotreload.jar:/Users/d063937/.m2/repository/com/sap/cds/cds-starter-spring-boot-odata/1.7.0/cds-starter-spring-boot-odata-1.7.0.jar:/Users/d063937/.m2/repository/com/sap/cds/cds-services-api/1.7.0/cds-services-api-1.7.0.jar:/Users/d063937/.m2/repository/com/sap/cds/cds4j-api/1.11.0/cds4j-api-1.11.0.jar:/Users/d063937/.m2/repository/com/sap/cds/cds-services-impl/1.7.0/cds-services-impl-1.7.0.jar:/Users/d063937/.m2/repository/com/sap/cds/cds-feature-api/1.7.0/cds-feature-api-1.7.0.jar:/Users/d063937/.m2/repository/com/sap/cds/cds-services-utils/1.7.0/cds-services-utils-1.7.0.jar:/Users/d063937/.m2/repository/com/sap/cds/cds4j-runtime/1.11.0/cds4j-runtime-1.11.0.jar:/Users/d063937/.m2/repository/com/google/guava/guava/27.1-jre/guava-27.1-jre.jar:/Users/d063937/.m2/repository/com/google/guava/failureaccess/1.0.1/failureaccess-1.0.1.jar:/Users/d063937/.m2/repository/com/google/guava/listenablefuture/9999.0-empty-to-avoid-conflict-with-guava/listenablefuture-9999.0-empty-to-avoid-conflict-with-guava.jar:/Users/d063937/.m2/repository/com/google/code/findbugs/jsr305/3.0.2/jsr305-3.0.2.jar:/Users/d063937/.m2/repository/org/checkerframework/checker-qual/2.5.2/checker-qual-2.5.2.jar:/Users/d063937/.m2/repository/com/google/errorprone/error_prone_annotations/2.2.0/error_prone_annotations-2.2.0.jar:/Users/d063937/.m2/repository/com/google/j2objc/j2objc-annotations/1.1/j2objc-annotations-1.1.jar:/Users/d063937/.m2/repository/org/codehaus/mojo/animal-sniffer-annotations/1.17/animal-sniffer-annotations-1.17.jar:/Users/d063937/.m2/repository/com/sap/cds/cds4j-core/1.11.0/cds4j-core-1.11.0.jar:/Users/d063937/.m2/repository/com/sap/cds/cds4j-tx/1.11.0/cds4j-tx-1.11.0.jar:/Users/d063937/.m2/repository/com/sap/cds/cds-framework-spring-boot/1.7.0/cds-framework-spring-boot-1.7.0.jar:/Users/d063937/.m2/repository/com/sap/cds/cds-adapter-api/1.7.0/cds-adapter-api-1.7.0.jar:/Users/d063937/.m2/repository/org/springframework/spring-context/5.2.7.RELEASE/spring-context-5.2.7.RELEASE.jar:/Users/d063937/.m2/repository/org/springframework/spring-aop/5.2.7.RELEASE/spring-aop-5.2.7.RELEASE.jar:/Users/d063937/.m2/repository/org/springframework/spring-expression/5.2.7.RELEASE/spring-expression-5.2.7.RELEASE.jar:/Users/d063937/.m2/repository/org/springframework/spring-beans/5.2.7.RELEASE/spring-beans-5.2.7.RELEASE.jar:/Users/d063937/.m2/repository/org/springframework/spring-tx/5.2.7.RELEASE/spring-tx-5.2.7.RELEASE.jar:/Users/d063937/.m2/repository/org/springframework/spring-jdbc/5.2.7.RELEASE/spring-jdbc-5.2.7.RELEASE.jar:/Users/d063937/.m2/repository/org/springframework/spring-web/5.2.7.RELEASE/spring-web-5.2.7.RELEASE.jar:/Users/d063937/.m2/repository/org/springframework/spring-webmvc/5.2.7.RELEASE/spring-webmvc-5.2.7.RELEASE.jar:/Users/d063937/.m2/repository/com/sap/cds/cds-adapter-odata-v4/1.7.0/cds-adapter-odata-v4-1.7.0.jar:/Users/d063937/.m2/repository/com/sap/cds/cds4j-multitenant/1.11.0/cds4j-multitenant-1.11.0.jar:/Users/d063937/.m2/repository/com/sap/cloud/security/xsuaa/token-client/2.1.0/token-client-2.1.0.jar:/Users/d063937/.m2/repository/org/json/json/20190722/json-20190722.jar:/Users/d063937/.m2/repository/commons-io/commons-io/2.6/commons-io-2.6.jar:/Users/d063937/.m2/repository/com/sap/cds/repackaged/odata-v4-lib/1.7.0/odata-v4-lib-1.7.0.jar:/Users/d063937/.m2/repository/commons-codec/commons-codec/1.14/commons-codec-1.14.jar:/Users/d063937/.m2/repository/io/netty/netty-codec/4.1.50.Final/netty-codec-4.1.50.Final.jar:/Users/d063937/.m2/repository/io/netty/netty-common/4.1.50.Final/netty-common-4.1.50.Final.jar:/Users/d063937/.m2/repository/io/netty/netty-buffer/4.1.50.Final/netty-buffer-4.1.50.Final.jar:/Users/d063937/.m2/repository/io/netty/netty-transport/4.1.50.Final/netty-transport-4.1.50.Final.jar:/Users/d063937/.m2/repository/io/netty/netty-resolver/4.1.50.Final/netty-resolver-4.1.50.Final.jar:/Users/d063937/.m2/repository/org/apache/httpcomponents/httpclient/4.5.12/httpclient-4.5.12.jar:/Users/d063937/.m2/repository/org/apache/httpcomponents/httpcore/4.4.13/httpcore-4.4.13.jar:/Users/d063937/.m2/repository/com/fasterxml/jackson/dataformat/jackson-dataformat-xml/2.11.0/jackson-dataformat-xml-2.11.0.jar:/Users/d063937/.m2/repository/com/fasterxml/jackson/module/jackson-module-jaxb-annotations/2.11.0/jackson-module-jaxb-annotations-2.11.0.jar:/Users/d063937/.m2/repository/org/codehaus/woodstox/stax2-api/4.2/stax2-api-4.2.jar:/Users/d063937/.m2/repository/com/fasterxml/woodstox/woodstox-core/6.2.0/woodstox-core-6.2.0.jar:/Users/d063937/.m2/repository/com/fasterxml/aalto-xml/1.2.1/aalto-xml-1.2.1.jar:/Users/d063937/.m2/repository/org/apache/commons/commons-lang3/3.10/commons-lang3-3.10.jar:/Users/d063937/.m2/repository/org/springframework/boot/spring-boot-starter-web/2.3.1.RELEASE/spring-boot-starter-web-2.3.1.RELEASE.jar:/Users/d063937/.m2/repository/org/springframework/boot/spring-boot-starter-json/2.3.1.RELEASE/spring-boot-starter-json-2.3.1.RELEASE.jar:/Users/d063937/.m2/repository/com/fasterxml/jackson/datatype/jackson-datatype-jdk8/2.11.0/jackson-datatype-jdk8-2.11.0.jar:/Users/d063937/.m2/repository/com/fasterxml/jackson/datatype/jackson-datatype-jsr310/2.11.0/jackson-datatype-jsr310-2.11.0.jar:/Users/d063937/.m2/repository/com/fasterxml/jackson/module/jackson-module-parameter-names/2.11.0/jackson-module-parameter-names-2.11.0.jar:/Users/d063937/.m2/repository/org/springframework/boot/spring-boot-starter-tomcat/2.3.1.RELEASE/spring-boot-starter-tomcat-2.3.1.RELEASE.jar:/Users/d063937/.m2/repository/org/apache/tomcat/embed/tomcat-embed-core/9.0.36/tomcat-embed-core-9.0.36.jar:/Users/d063937/.m2/repository/org/glassfish/jakarta.el/3.0.3/jakarta.el-3.0.3.jar:/Users/d063937/.m2/repository/org/apache/tomcat/embed/tomcat-embed-websocket/9.0.36/tomcat-embed-websocket-9.0.36.jar:/Users/d063937/.m2/repository/org/springframework/boot/spring-boot-starter-jdbc/2.3.1.RELEASE/spring-boot-starter-jdbc-2.3.1.RELEASE.jar:/Users/d063937/.m2/repository/com/zaxxer/HikariCP/3.4.5/HikariCP-3.4.5.jar:/Users/d063937/.m2/repository/org/xerial/sqlite-jdbc/3.31.1/sqlite-jdbc-3.31.1.jar:/Users/d063937/.m2/repository/com/sap/cds/cds-starter-cloudfoundry/1.7.0/cds-starter-cloudfoundry-1.7.0.jar:/Users/d063937/.m2/repository/com/sap/cds/cds-feature-hana/1.7.0/cds-feature-hana-1.7.0.jar:/Users/d063937/.m2/repository/com/sap/cloud/db/jdbc/ngdbc/2.4.76/ngdbc-2.4.76.jar:/Users/d063937/.m2/repository/com/sap/cds/cds-feature-mt/1.7.0/cds-feature-mt-1.7.0.jar:/Users/d063937/.m2/repository/com/fasterxml/jackson/core/jackson-databind/2.11.0/jackson-databind-2.11.0.jar:/Users/d063937/.m2/repository/com/fasterxml/jackson/core/jackson-annotations/2.11.0/jackson-annotations-2.11.0.jar:/Users/d063937/.m2/repository/com/fasterxml/jackson/core/jackson-core/2.11.0/jackson-core-2.11.0.jar:/Users/d063937/.m2/repository/com/sap/cloud/mt/multi-tenant-runtime/1.4.2/multi-tenant-runtime-1.4.2.jar:/Users/d063937/.m2/repository/com/sap/cloud/mt/multi-tenant-subscription/1.4.2/multi-tenant-subscription-1.4.2.jar:/Users/d063937/.m2/repository/com/sap/cloud/instancemanager/client/1.16.3/client-1.16.3.jar:/Users/d063937/.m2/repository/com/sap/cloud/instancemanager/util/1.16.3/util-1.16.3.jar:/Users/d063937/.m2/repository/com/sap/cloud/instancemanager/client-api/1.16.3/client-api-1.16.3.jar:/Users/d063937/.m2/repository/com/google/code/gson/gson/2.8.6/gson-2.8.6.jar:/Users/d063937/.m2/repository/com/sap/cds/cds-feature-cloudfoundry/1.7.0/cds-feature-cloudfoundry-1.7.0.jar:/Users/d063937/.m2/repository/com/sap/cds/cds-feature-xsuaa/1.7.0/cds-feature-xsuaa-1.7.0.jar:/Users/d063937/.m2/repository/com/sap/cloud/security/xsuaa/xsuaa-spring-boot-starter/2.7.3/xsuaa-spring-boot-starter-2.7.3.jar:/Users/d063937/.m2/repository/com/sap/cloud/security/xsuaa/spring-xsuaa/2.7.3/spring-xsuaa-2.7.3.jar:/Users/d063937/.m2/repository/com/sap/cloud/security/xsuaa/api/2.7.3/api-2.7.3.jar:/Users/d063937/.m2/repository/com/github/ben-manes/caffeine/caffeine/2.8.4/caffeine-2.8.4.jar:/Users/d063937/.m2/repository/org/springframework/boot/spring-boot-starter-security/2.3.1.RELEASE/spring-boot-starter-security-2.3.1.RELEASE.jar:/Users/d063937/.m2/repository/org/springframework/security/spring-security-config/5.3.3.RELEASE/spring-security-config-5.3.3.RELEASE.jar:/Users/d063937/.m2/repository/org/springframework/security/spring-security-web/5.3.3.RELEASE/spring-security-web-5.3.3.RELEASE.jar:/Users/d063937/.m2/repository/org/springframework/security/spring-security-oauth2-jose/5.3.3.RELEASE/spring-security-oauth2-jose-5.3.3.RELEASE.jar:/Users/d063937/.m2/repository/com/nimbusds/nimbus-jose-jwt/8.18.1/nimbus-jose-jwt-8.18.1.jar:/Users/d063937/.m2/repository/com/github/stephenc/jcip/jcip-annotations/1.0-1/jcip-annotations-1.0-1.jar:/Users/d063937/.m2/repository/org/springframework/security/spring-security-core/5.3.3.RELEASE/spring-security-core-5.3.3.RELEASE.jar:/Users/d063937/.m2/repository/org/springframework/security/spring-security-oauth2-core/5.3.3.RELEASE/spring-security-oauth2-core-5.3.3.RELEASE.jar:/Users/d063937/.m2/repository/org/springframework/security/spring-security-oauth2-resource-server/5.3.3.RELEASE/spring-security-oauth2-resource-server-5.3.3.RELEASE.jar:/Users/d063937/.m2/repository/org/springframework/boot/spring-boot-starter-test/2.3.1.RELEASE/spring-boot-starter-test-2.3.1.RELEASE.jar:/Users/d063937/.m2/repository/org/springframework/boot/spring-boot-starter/2.3.1.RELEASE/spring-boot-starter-2.3.1.RELEASE.jar:/Users/d063937/.m2/repository/org/springframework/boot/spring-boot/2.3.1.RELEASE/spring-boot-2.3.1.RELEASE.jar:/Users/d063937/.m2/repository/org/springframework/boot/spring-boot-autoconfigure/2.3.1.RELEASE/spring-boot-autoconfigure-2.3.1.RELEASE.jar:/Users/d063937/.m2/repository/org/springframework/boot/spring-boot-starter-logging/2.3.1.RELEASE/spring-boot-starter-logging-2.3.1.RELEASE.jar:/Users/d063937/.m2/repository/ch/qos/logback/logback-classic/1.2.3/logback-classic-1.2.3.jar:/Users/d063937/.m2/repository/ch/qos/logback/logback-core/1.2.3/logback-core-1.2.3.jar:/Users/d063937/.m2/repository/org/apache/logging/log4j/log4j-to-slf4j/2.13.3/log4j-to-slf4j-2.13.3.jar:/Users/d063937/.m2/repository/org/apache/logging/log4j/log4j-api/2.13.3/log4j-api-2.13.3.jar:/Users/d063937/.m2/repository/org/slf4j/jul-to-slf4j/1.7.30/jul-to-slf4j-1.7.30.jar:/Users/d063937/.m2/repository/jakarta/annotation/jakarta.annotation-api/1.3.5/jakarta.annotation-api-1.3.5.jar:/Users/d063937/.m2/repository/org/yaml/snakeyaml/1.26/snakeyaml-1.26.jar:/Users/d063937/.m2/repository/org/springframework/boot/spring-boot-test/2.3.1.RELEASE/spring-boot-test-2.3.1.RELEASE.jar:/Users/d063937/.m2/repository/org/springframework/boot/spring-boot-test-autoconfigure/2.3.1.RELEASE/spring-boot-test-autoconfigure-2.3.1.RELEASE.jar:/Users/d063937/.m2/repository/com/jayway/jsonpath/json-path/2.4.0/json-path-2.4.0.jar:/Users/d063937/.m2/repository/net/minidev/json-smart/2.3/json-smart-2.3.jar:/Users/d063937/.m2/repository/net/minidev/accessors-smart/1.2/accessors-smart-1.2.jar:/Users/d063937/.m2/repository/org/ow2/asm/asm/5.0.4/asm-5.0.4.jar:/Users/d063937/.m2/repository/org/slf4j/slf4j-api/1.7.30/slf4j-api-1.7.30.jar:/Users/d063937/.m2/repository/jakarta/xml/bind/jakarta.xml.bind-api/2.3.3/jakarta.xml.bind-api-2.3.3.jar:/Users/d063937/.m2/repository/jakarta/activation/jakarta.activation-api/1.2.2/jakarta.activation-api-1.2.2.jar:/Users/d063937/.m2/repository/org/assertj/assertj-core/3.16.1/assertj-core-3.16.1.jar:/Users/d063937/.m2/repository/org/hamcrest/hamcrest/2.2/hamcrest-2.2.jar:/Users/d063937/.m2/repository/org/junit/jupiter/junit-jupiter/5.6.2/junit-jupiter-5.6.2.jar:/Users/d063937/.m2/repository/org/junit/jupiter/junit-jupiter-api/5.6.2/junit-jupiter-api-5.6.2.jar:/Users/d063937/.m2/repository/org/opentest4j/opentest4j/1.2.0/opentest4j-1.2.0.jar:/Users/d063937/.m2/repository/org/junit/platform/junit-platform-commons/1.6.2/junit-platform-commons-1.6.2.jar:/Users/d063937/.m2/repository/org/junit/jupiter/junit-jupiter-params/5.6.2/junit-jupiter-params-5.6.2.jar:/Users/d063937/.m2/repository/org/junit/jupiter/junit-jupiter-engine/5.6.2/junit-jupiter-engine-5.6.2.jar:/Users/d063937/.m2/repository/org/junit/vintage/junit-vintage-engine/5.6.2/junit-vintage-engine-5.6.2.jar:/Users/d063937/.m2/repository/org/apiguardian/apiguardian-api/1.1.0/apiguardian-api-1.1.0.jar:/Users/d063937/.m2/repository/org/junit/platform/junit-platform-engine/1.6.2/junit-platform-engine-1.6.2.jar:/Users/d063937/.m2/repository/junit/junit/4.13/junit-4.13.jar:/Users/d063937/.m2/repository/org/mockito/mockito-core/3.3.3/mockito-core-3.3.3.jar:/Users/d063937/.m2/repository/net/bytebuddy/byte-buddy/1.10.11/byte-buddy-1.10.11.jar:/Users/d063937/.m2/repository/net/bytebuddy/byte-buddy-agent/1.10.11/byte-buddy-agent-1.10.11.jar:/Users/d063937/.m2/repository/org/objenesis/objenesis/2.6/objenesis-2.6.jar:/Users/d063937/.m2/repository/org/mockito/mockito-junit-jupiter/3.3.3/mockito-junit-jupiter-3.3.3.jar:/Users/d063937/.m2/repository/org/skyscreamer/jsonassert/1.5.0/jsonassert-1.5.0.jar:/Users/d063937/.m2/repository/com/vaadin/external/google/android-json/0.0.20131108.vaadin1/android-json-0.0.20131108.vaadin1.jar:/Users/d063937/.m2/repository/org/springframework/spring-core/5.2.7.RELEASE/spring-core-5.2.7.RELEASE.jar:/Users/d063937/.m2/repository/org/springframework/spring-jcl/5.2.7.RELEASE/spring-jcl-5.2.7.RELEASE.jar:/Users/d063937/.m2/repository/org/springframework/spring-test/5.2.7.RELEASE/spring-test-5.2.7.RELEASE.jar:/Users/d063937/.m2/repository/org/xmlunit/xmlunit-core/2.7.0/xmlunit-core-2.7.0.jar:"/>
    <property name="sun.cpu.endian" value="little"/>
    <property name="user.home" value="/Users/d063937"/>
    <property name="user.language" value="en"/>
    <property name="java.specification.vendor" value="Oracle Corporation"/>
    <property name="java.version.date" value="2019-04-16"/>
    <property name="java.home" value="/Library/Java/JavaVirtualMachines/jdk-12.0.1.jdk/Contents/Home"/>
    <property name="file.separator" value="/"/>
    <property name="basedir" value="/private/tmp/hotreload/integration-tests"/>
    <property name="java.vm.compressedOopsMode" value="Zero based"/>
    <property name="line.separator" value="&#10;"/>
    <property name="java.vm.specification.vendor" value="Oracle Corporation"/>
    <property name="java.specification.name" value="Java Platform API Specification"/>
    <property name="java.awt.graphicsenv" value="sun.awt.CGraphicsEnvironment"/>
    <property name="java.awt.headless" value="true"/>
    <property name="surefire.real.class.path" value="/private/tmp/hotreload/integration-tests/target/surefire/surefirebooter6873862294308578051.jar"/>
    <property name="sun.management.compiler" value="HotSpot 64-Bit Tiered Compilers"/>
    <property name="ftp.nonProxyHosts" value="local|*.local|169.254/16|*.169.254/16"/>
    <property name="java.runtime.version" value="12.0.1+12"/>
    <property name="user.name" value="d063937"/>
    <property name="path.separator" value=":"/>
    <property name="os.version" value="10.15.6"/>
    <property name="java.runtime.name" value="Java(TM) SE Runtime Environment"/>
    <property name="file.encoding" value="UTF-8"/>
    <property name="spring.beaninfo.ignore" value="true"/>
    <property name="java.vm.name" value="Java HotSpot(TM) 64-Bit Server VM"/>
    <property name="localRepository" value="/Users/d063937/.m2/repository"/>
    <property name="java.vendor.url.bug" value="https://bugreport.java.com/bugreport/"/>
    <property name="java.io.tmpdir" value="/var/folders/81/tfrmc8zx2vggxf1szjhwllq00000gn/T/"/>
    <property name="com.zaxxer.hikari.pool_number" value="1"/>
    <property name="java.version" value="12.0.1"/>
    <property name="user.dir" value="/private/tmp/hotreload/integration-tests"/>
    <property name="os.arch" value="x86_64"/>
    <property name="surefire.forkDir" value="/private/tmp/hotreload/integration-tests/target/surefire-fork/1/"/>
    <property name="java.vm.specification.name" value="Java Virtual Machine Specification"/>
    <property name="PID" value="33659"/>
    <property name="org.slf4j.simpleLogger.defaultLogLevel" value="info"/>
    <property name="java.library.path" value="/Users/d063937/Library/Java/Extensions:/Library/Java/Extensions:/Network/Library/Java/Extensions:/System/Library/Java/Extensions:/usr/lib/java:."/>
    <property name="java.vm.info" value="mixed mode, sharing"/>
    <property name="java.vendor" value="Oracle Corporation"/>
    <property name="java.vm.version" value="12.0.1+12"/>
    <property name="sun.io.unicode.encoding" value="UnicodeBig"/>
    <property name="socksNonProxyHosts" value="local|*.local|169.254/16|*.169.254/16"/>
    <property name="java.class.version" value="56.0"/>
  </properties>
  <testcase name="testReadBooks" classname="com.maxstreifeneder.hotreload.it.CatalogServiceITest" time="1.15"/>
</testsuite>